TN:
SF:src/server.js
FN:21,(anonymous_0)
FN:23,(anonymous_1)
FNF:2
FNH:0
FNDA:0,(anonymous_0)
FNDA:0,(anonymous_1)
DA:2,1
DA:3,1
DA:4,1
DA:5,1
DA:6,1
DA:7,1
DA:8,1
DA:10,1
DA:11,1
DA:12,1
DA:13,1
DA:14,1
DA:15,1
DA:16,1
DA:17,1
DA:19,1
DA:22,0
DA:23,0
LF:18
LH:16
BRDA:22,0,0,0
BRDA:22,0,1,0
BRF:2
BRH:0
end_of_record
TN:
SF:src/Errors/404.js
FN:1,(anonymous_0)
FNF:1
FNH:1
FNDA:2,(anonymous_0)
DA:1,1
DA:2,2
DA:3,2
LF:3
LH:3
BRF:0
BRH:0
end_of_record
TN:
SF:src/Errors/5xx.js
FN:1,(anonymous_0)
FNF:1
FNH:0
FNDA:0,(anonymous_0)
DA:1,1
DA:2,0
DA:3,0
LF:3
LH:1
BRF:0
BRH:0
end_of_record
TN:
SF:src/middleware/validator.js
FN:1,(anonymous_0)
FNF:1
FNH:1
FNDA:6,(anonymous_0)
DA:1,1
DA:3,6
DA:4,6
DA:5,6
DA:7,0
LF:5
LH:4
BRDA:4,0,0,6
BRDA:4,0,1,0
BRF:2
BRH:1
end_of_record
TN:
SF:src/models/clothes.js
FN:6,(anonymous_0)
FN:9,(anonymous_1)
FN:17,(anonymous_2)
FN:19,(anonymous_3)
FN:24,(anonymous_4)
FN:32,(anonymous_5)
FN:33,(anonymous_6)
FNF:7
FNH:7
FNDA:1,(anonymous_0)
FNDA:1,(anonymous_1)
FNDA:2,(anonymous_2)
FNDA:1,(anonymous_3)
FNDA:1,(anonymous_4)
FNDA:1,(anonymous_5)
FNDA:1,(anonymous_6)
DA:2,1
DA:7,1
DA:10,1
DA:14,1
DA:15,1
DA:18,2
DA:19,1
DA:21,1
DA:25,1
DA:26,1
DA:27,1
DA:28,1
DA:33,1
DA:34,1
DA:38,1
LF:15
LH:15
BRDA:18,0,0,1
BRDA:18,0,1,1
BRDA:26,1,0,1
BRDA:26,1,1,0
BRF:4
BRH:3
end_of_record
TN:
SF:src/models/food.js
FN:6,(anonymous_0)
FN:9,(anonymous_1)
FN:17,(anonymous_2)
FN:19,(anonymous_3)
FN:24,(anonymous_4)
FN:32,(anonymous_5)
FN:33,(anonymous_6)
FNF:7
FNH:7
FNDA:1,(anonymous_0)
FNDA:1,(anonymous_1)
FNDA:2,(anonymous_2)
FNDA:1,(anonymous_3)
FNDA:1,(anonymous_4)
FNDA:1,(anonymous_5)
FNDA:1,(anonymous_6)
DA:2,1
DA:7,1
DA:10,1
DA:14,1
DA:15,1
DA:18,2
DA:19,1
DA:21,1
DA:25,1
DA:26,1
DA:27,1
DA:28,1
DA:33,1
DA:34,1
DA:38,1
LF:15
LH:15
BRDA:18,0,0,1
BRDA:18,0,1,1
BRDA:26,1,0,1
BRDA:26,1,1,0
BRF:4
BRH:3
end_of_record
TN:
SF:src/routes/clothes.js
FN:16,(anonymous_0)
FN:20,getData
FN:25,getID
FN:30,savingData
FN:36,updateData
FN:42,deleteData
FNF:6
FNH:5
FNDA:0,(anonymous_0)
FNDA:1,getData
FNDA:1,getID
FNDA:1,savingData
FNDA:1,updateData
FNDA:1,deleteData
DA:4,1
DA:6,1
DA:7,1
DA:8,1
DA:9,1
DA:11,1
DA:12,1
DA:13,1
DA:14,1
DA:15,1
DA:16,1
DA:17,0
DA:19,1
DA:21,1
DA:22,1
DA:26,1
DA:27,1
DA:31,1
DA:32,1
DA:33,1
DA:37,1
DA:38,1
DA:43,1
DA:44,1
DA:47,1
LF:25
LH:24
BRF:0
BRH:0
end_of_record
TN:
SF:src/routes/food.js
FN:16,(anonymous_0)
FN:20,getData
FN:25,getID
FN:30,savingData
FN:36,updateData
FN:42,deleteData
FNF:6
FNH:5
FNDA:0,(anonymous_0)
FNDA:1,getData
FNDA:1,getID
FNDA:1,savingData
FNDA:1,updateData
FNDA:1,deleteData
DA:4,1
DA:6,1
DA:7,1
DA:8,1
DA:9,1
DA:11,1
DA:12,1
DA:13,1
DA:14,1
DA:15,1
DA:16,1
DA:17,0
DA:19,1
DA:21,1
DA:22,1
DA:26,1
DA:27,1
DA:31,1
DA:32,1
DA:33,1
DA:37,1
DA:38,1
DA:43,1
DA:44,1
DA:47,1
LF:25
LH:24
BRF:0
BRH:0
end_of_record
